ARM GAS  C:\Users\kotaro\AppData\Local\Temp\ccemqk8t.s 			page 1


   1              		.cpu cortex-m4
   2              		.eabi_attribute 27, 1
   3              		.eabi_attribute 28, 1
   4              		.eabi_attribute 20, 1
   5              		.eabi_attribute 21, 1
   6              		.eabi_attribute 23, 3
   7              		.eabi_attribute 24, 1
   8              		.eabi_attribute 25, 1
   9              		.eabi_attribute 26, 1
  10              		.eabi_attribute 30, 1
  11              		.eabi_attribute 34, 1
  12              		.eabi_attribute 18, 4
  13              		.file	"adc.c"
  14              		.text
  15              	.Ltext0:
  16              		.cfi_sections	.debug_frame
  17              		.section	.text.MX_ADC1_Init,"ax",%progbits
  18              		.align	1
  19              		.global	MX_ADC1_Init
  20              		.syntax unified
  21              		.thumb
  22              		.thumb_func
  23              		.fpu fpv4-sp-d16
  25              	MX_ADC1_Init:
  26              	.LFB126:
  27              		.file 1 "Src/adc.c"
   1:Src/adc.c     **** /**
   2:Src/adc.c     ****   ******************************************************************************
   3:Src/adc.c     ****   * File Name          : ADC.c
   4:Src/adc.c     ****   * Description        : This file provides code for the configuration
   5:Src/adc.c     ****   *                      of the ADC instances.
   6:Src/adc.c     ****   ******************************************************************************
   7:Src/adc.c     ****   ** This notice applies to any and all portions of this file
   8:Src/adc.c     ****   * that are not between comment pairs USER CODE BEGIN and
   9:Src/adc.c     ****   * USER CODE END. Other portions of this file, whether 
  10:Src/adc.c     ****   * inserted by the user or by software development tools
  11:Src/adc.c     ****   * are owned by their respective copyright owners.
  12:Src/adc.c     ****   *
  13:Src/adc.c     ****   * COPYRIGHT(c) 2018 STMicroelectronics
  14:Src/adc.c     ****   *
  15:Src/adc.c     ****   * Redistribution and use in source and binary forms, with or without modification,
  16:Src/adc.c     ****   * are permitted provided that the following conditions are met:
  17:Src/adc.c     ****   *   1. Redistributions of source code must retain the above copyright notice,
  18:Src/adc.c     ****   *      this list of conditions and the following disclaimer.
  19:Src/adc.c     ****   *   2. Redistributions in binary form must reproduce the above copyright notice,
  20:Src/adc.c     ****   *      this list of conditions and the following disclaimer in the documentation
  21:Src/adc.c     ****   *      and/or other materials provided with the distribution.
  22:Src/adc.c     ****   *   3. Neither the name of STMicroelectronics nor the names of its contributors
  23:Src/adc.c     ****   *      may be used to endorse or promote products derived from this software
  24:Src/adc.c     ****   *      without specific prior written permission.
  25:Src/adc.c     ****   *
  26:Src/adc.c     ****   * THIS SOFTWARE IS PROVIDED BY THE COPYRIGHT HOLDERS AND CONTRIBUTORS "AS IS"
  27:Src/adc.c     ****   * AND ANY EXPRESS OR IMPLIED WARRANTIES, INCLUDING, BUT NOT LIMITED TO, THE
  28:Src/adc.c     ****   * IMPLIED WARRANTIES OF MERCHANTABILITY AND FITNESS FOR A PARTICULAR PURPOSE ARE
  29:Src/adc.c     ****   * DISCLAIMED. IN NO EVENT SHALL THE COPYRIGHT HOLDER OR CONTRIBUTORS BE LIABLE
  30:Src/adc.c     ****   * FOR ANY DIRECT, INDIRECT, INCIDENTAL, SPECIAL, EXEMPLARY, OR CONSEQUENTIAL
  31:Src/adc.c     ****   * DAMAGES (INCLUDING, BUT NOT LIMITED TO, PROCUREMENT OF SUBSTITUTE GOODS OR
ARM GAS  C:\Users\kotaro\AppData\Local\Temp\ccemqk8t.s 			page 2


  32:Src/adc.c     ****   * SERVICES; LOSS OF USE, DATA, OR PROFITS; OR BUSINESS INTERRUPTION) HOWEVER
  33:Src/adc.c     ****   * CAUSED AND ON ANY THEORY OF LIABILITY, WHETHER IN CONTRACT, STRICT LIABILITY,
  34:Src/adc.c     ****   * OR TORT (INCLUDING NEGLIGENCE OR OTHERWISE) ARISING IN ANY WAY OUT OF THE USE
  35:Src/adc.c     ****   * OF THIS SOFTWARE, EVEN IF ADVISED OF THE POSSIBILITY OF SUCH DAMAGE.
  36:Src/adc.c     ****   *
  37:Src/adc.c     ****   ******************************************************************************
  38:Src/adc.c     ****   */
  39:Src/adc.c     **** 
  40:Src/adc.c     **** /* Includes ------------------------------------------------------------------*/
  41:Src/adc.c     **** #include "adc.h"
  42:Src/adc.c     **** 
  43:Src/adc.c     **** #include "gpio.h"
  44:Src/adc.c     **** 
  45:Src/adc.c     **** /* USER CODE BEGIN 0 */
  46:Src/adc.c     **** int batt_analog;
  47:Src/adc.c     **** int sensor[4];
  48:Src/adc.c     **** /* USER CODE END 0 */
  49:Src/adc.c     **** 
  50:Src/adc.c     **** ADC_HandleTypeDef hadc1;
  51:Src/adc.c     **** ADC_HandleTypeDef hadc2;
  52:Src/adc.c     **** ADC_HandleTypeDef hadc3;
  53:Src/adc.c     **** 
  54:Src/adc.c     **** /* ADC1 init function */
  55:Src/adc.c     **** void MX_ADC1_Init(void)
  56:Src/adc.c     **** {
  28              		.loc 1 56 0
  29              		.cfi_startproc
  30              		@ args = 0, pretend = 0, frame = 16
  31              		@ frame_needed = 0, uses_anonymous_args = 0
  32 0000 00B5     		push	{lr}
  33              	.LCFI0:
  34              		.cfi_def_cfa_offset 4
  35              		.cfi_offset 14, -4
  36 0002 85B0     		sub	sp, sp, #20
  37              	.LCFI1:
  38              		.cfi_def_cfa_offset 24
  57:Src/adc.c     ****   ADC_ChannelConfTypeDef sConfig;
  58:Src/adc.c     **** 
  59:Src/adc.c     ****     /**Configure the global features of the ADC (Clock, Resolution, Data Alignment and number of co
  60:Src/adc.c     ****     */
  61:Src/adc.c     ****   hadc1.Instance = ADC1;
  39              		.loc 1 61 0
  40 0004 1648     		ldr	r0, .L7
  41 0006 174B     		ldr	r3, .L7+4
  42 0008 0360     		str	r3, [r0]
  62:Src/adc.c     ****   hadc1.Init.ClockPrescaler = ADC_CLOCK_SYNC_PCLK_DIV4;
  43              		.loc 1 62 0
  44 000a 4FF48033 		mov	r3, #65536
  45 000e 4360     		str	r3, [r0, #4]
  63:Src/adc.c     ****   hadc1.Init.Resolution = ADC_RESOLUTION_12B;
  46              		.loc 1 63 0
  47 0010 0023     		movs	r3, #0
  48 0012 8360     		str	r3, [r0, #8]
  64:Src/adc.c     ****   hadc1.Init.ScanConvMode = DISABLE;
  49              		.loc 1 64 0
  50 0014 0361     		str	r3, [r0, #16]
  65:Src/adc.c     ****   hadc1.Init.ContinuousConvMode = DISABLE;
ARM GAS  C:\Users\kotaro\AppData\Local\Temp\ccemqk8t.s 			page 3


  51              		.loc 1 65 0
  52 0016 8361     		str	r3, [r0, #24]
  66:Src/adc.c     ****   hadc1.Init.DiscontinuousConvMode = DISABLE;
  53              		.loc 1 66 0
  54 0018 0362     		str	r3, [r0, #32]
  67:Src/adc.c     ****   hadc1.Init.ExternalTrigConvEdge = ADC_EXTERNALTRIGCONVEDGE_NONE;
  55              		.loc 1 67 0
  56 001a C362     		str	r3, [r0, #44]
  68:Src/adc.c     ****   hadc1.Init.ExternalTrigConv = ADC_SOFTWARE_START;
  57              		.loc 1 68 0
  58 001c 124A     		ldr	r2, .L7+8
  59 001e 8262     		str	r2, [r0, #40]
  69:Src/adc.c     ****   hadc1.Init.DataAlign = ADC_DATAALIGN_RIGHT;
  60              		.loc 1 69 0
  61 0020 C360     		str	r3, [r0, #12]
  70:Src/adc.c     ****   hadc1.Init.NbrOfConversion = 1;
  62              		.loc 1 70 0
  63 0022 0122     		movs	r2, #1
  64 0024 C261     		str	r2, [r0, #28]
  71:Src/adc.c     ****   hadc1.Init.DMAContinuousRequests = DISABLE;
  65              		.loc 1 71 0
  66 0026 0363     		str	r3, [r0, #48]
  72:Src/adc.c     ****   hadc1.Init.EOCSelection = ADC_EOC_SINGLE_CONV;
  67              		.loc 1 72 0
  68 0028 4261     		str	r2, [r0, #20]
  73:Src/adc.c     ****   if (HAL_ADC_Init(&hadc1) != HAL_OK)
  69              		.loc 1 73 0
  70 002a FFF7FEFF 		bl	HAL_ADC_Init
  71              	.LVL0:
  72 002e 68B9     		cbnz	r0, .L5
  73              	.L2:
  74:Src/adc.c     ****   {
  75:Src/adc.c     ****     _Error_Handler(__FILE__, __LINE__);
  76:Src/adc.c     ****   }
  77:Src/adc.c     **** 
  78:Src/adc.c     ****     /**Configure for the selected ADC regular channel its corresponding rank in the sequencer and i
  79:Src/adc.c     ****     */
  80:Src/adc.c     ****   sConfig.Channel = ADC_CHANNEL_4;
  74              		.loc 1 80 0
  75 0030 0423     		movs	r3, #4
  76 0032 0093     		str	r3, [sp]
  81:Src/adc.c     ****   sConfig.Rank = 1;
  77              		.loc 1 81 0
  78 0034 0123     		movs	r3, #1
  79 0036 0193     		str	r3, [sp, #4]
  82:Src/adc.c     ****   sConfig.SamplingTime = ADC_SAMPLETIME_56CYCLES;
  80              		.loc 1 82 0
  81 0038 0323     		movs	r3, #3
  82 003a 0293     		str	r3, [sp, #8]
  83:Src/adc.c     ****   if (HAL_ADC_ConfigChannel(&hadc1, &sConfig) != HAL_OK)
  83              		.loc 1 83 0
  84 003c 6946     		mov	r1, sp
  85 003e 0848     		ldr	r0, .L7
  86 0040 FFF7FEFF 		bl	HAL_ADC_ConfigChannel
  87              	.LVL1:
  88 0044 38B9     		cbnz	r0, .L6
  89              	.L1:
ARM GAS  C:\Users\kotaro\AppData\Local\Temp\ccemqk8t.s 			page 4


  84:Src/adc.c     ****   {
  85:Src/adc.c     ****     _Error_Handler(__FILE__, __LINE__);
  86:Src/adc.c     ****   }
  87:Src/adc.c     **** 
  88:Src/adc.c     **** }
  90              		.loc 1 88 0
  91 0046 05B0     		add	sp, sp, #20
  92              	.LCFI2:
  93              		.cfi_remember_state
  94              		.cfi_def_cfa_offset 4
  95              		@ sp needed
  96 0048 5DF804FB 		ldr	pc, [sp], #4
  97              	.L5:
  98              	.LCFI3:
  99              		.cfi_restore_state
  75:Src/adc.c     ****   }
 100              		.loc 1 75 0
 101 004c 4B21     		movs	r1, #75
 102 004e 0748     		ldr	r0, .L7+12
 103 0050 FFF7FEFF 		bl	_Error_Handler
 104              	.LVL2:
 105 0054 ECE7     		b	.L2
 106              	.L6:
  85:Src/adc.c     ****   }
 107              		.loc 1 85 0
 108 0056 5521     		movs	r1, #85
 109 0058 0448     		ldr	r0, .L7+12
 110 005a FFF7FEFF 		bl	_Error_Handler
 111              	.LVL3:
 112              		.loc 1 88 0
 113 005e F2E7     		b	.L1
 114              	.L8:
 115              		.align	2
 116              	.L7:
 117 0060 00000000 		.word	hadc1
 118 0064 00200140 		.word	1073815552
 119 0068 0100000F 		.word	251658241
 120 006c 00000000 		.word	.LC0
 121              		.cfi_endproc
 122              	.LFE126:
 124              		.section	.text.MX_ADC2_Init,"ax",%progbits
 125              		.align	1
 126              		.global	MX_ADC2_Init
 127              		.syntax unified
 128              		.thumb
 129              		.thumb_func
 130              		.fpu fpv4-sp-d16
 132              	MX_ADC2_Init:
 133              	.LFB127:
  89:Src/adc.c     **** /* ADC2 init function */
  90:Src/adc.c     **** void MX_ADC2_Init(void)
  91:Src/adc.c     **** {
 134              		.loc 1 91 0
 135              		.cfi_startproc
 136              		@ args = 0, pretend = 0, frame = 16
 137              		@ frame_needed = 0, uses_anonymous_args = 0
 138 0000 00B5     		push	{lr}
ARM GAS  C:\Users\kotaro\AppData\Local\Temp\ccemqk8t.s 			page 5


 139              	.LCFI4:
 140              		.cfi_def_cfa_offset 4
 141              		.cfi_offset 14, -4
 142 0002 85B0     		sub	sp, sp, #20
 143              	.LCFI5:
 144              		.cfi_def_cfa_offset 24
  92:Src/adc.c     ****   ADC_ChannelConfTypeDef sConfig;
  93:Src/adc.c     **** 
  94:Src/adc.c     ****     /**Configure the global features of the ADC (Clock, Resolution, Data Alignment and number of co
  95:Src/adc.c     ****     */
  96:Src/adc.c     ****   hadc2.Instance = ADC2;
 145              		.loc 1 96 0
 146 0004 1648     		ldr	r0, .L15
 147 0006 174B     		ldr	r3, .L15+4
 148 0008 0360     		str	r3, [r0]
  97:Src/adc.c     ****   hadc2.Init.ClockPrescaler = ADC_CLOCK_SYNC_PCLK_DIV4;
 149              		.loc 1 97 0
 150 000a 4FF48033 		mov	r3, #65536
 151 000e 4360     		str	r3, [r0, #4]
  98:Src/adc.c     ****   hadc2.Init.Resolution = ADC_RESOLUTION_12B;
 152              		.loc 1 98 0
 153 0010 0023     		movs	r3, #0
 154 0012 8360     		str	r3, [r0, #8]
  99:Src/adc.c     ****   hadc2.Init.ScanConvMode = DISABLE;
 155              		.loc 1 99 0
 156 0014 0361     		str	r3, [r0, #16]
 100:Src/adc.c     ****   hadc2.Init.ContinuousConvMode = DISABLE;
 157              		.loc 1 100 0
 158 0016 8361     		str	r3, [r0, #24]
 101:Src/adc.c     ****   hadc2.Init.DiscontinuousConvMode = DISABLE;
 159              		.loc 1 101 0
 160 0018 0362     		str	r3, [r0, #32]
 102:Src/adc.c     ****   hadc2.Init.ExternalTrigConvEdge = ADC_EXTERNALTRIGCONVEDGE_NONE;
 161              		.loc 1 102 0
 162 001a C362     		str	r3, [r0, #44]
 103:Src/adc.c     ****   hadc2.Init.ExternalTrigConv = ADC_SOFTWARE_START;
 163              		.loc 1 103 0
 164 001c 124A     		ldr	r2, .L15+8
 165 001e 8262     		str	r2, [r0, #40]
 104:Src/adc.c     ****   hadc2.Init.DataAlign = ADC_DATAALIGN_RIGHT;
 166              		.loc 1 104 0
 167 0020 C360     		str	r3, [r0, #12]
 105:Src/adc.c     ****   hadc2.Init.NbrOfConversion = 1;
 168              		.loc 1 105 0
 169 0022 0122     		movs	r2, #1
 170 0024 C261     		str	r2, [r0, #28]
 106:Src/adc.c     ****   hadc2.Init.DMAContinuousRequests = DISABLE;
 171              		.loc 1 106 0
 172 0026 0363     		str	r3, [r0, #48]
 107:Src/adc.c     ****   hadc2.Init.EOCSelection = ADC_EOC_SINGLE_CONV;
 173              		.loc 1 107 0
 174 0028 4261     		str	r2, [r0, #20]
 108:Src/adc.c     ****   if (HAL_ADC_Init(&hadc2) != HAL_OK)
 175              		.loc 1 108 0
 176 002a FFF7FEFF 		bl	HAL_ADC_Init
 177              	.LVL4:
 178 002e 60B9     		cbnz	r0, .L13
ARM GAS  C:\Users\kotaro\AppData\Local\Temp\ccemqk8t.s 			page 6


 179              	.L10:
 109:Src/adc.c     ****   {
 110:Src/adc.c     ****     _Error_Handler(__FILE__, __LINE__);
 111:Src/adc.c     ****   }
 112:Src/adc.c     **** 
 113:Src/adc.c     ****     /**Configure for the selected ADC regular channel its corresponding rank in the sequencer and i
 114:Src/adc.c     ****     */
 115:Src/adc.c     ****   sConfig.Channel = ADC_CHANNEL_0;
 180              		.loc 1 115 0
 181 0030 0023     		movs	r3, #0
 182 0032 0093     		str	r3, [sp]
 116:Src/adc.c     ****   sConfig.Rank = 1;
 183              		.loc 1 116 0
 184 0034 0122     		movs	r2, #1
 185 0036 0192     		str	r2, [sp, #4]
 117:Src/adc.c     ****   sConfig.SamplingTime = ADC_SAMPLETIME_3CYCLES;
 186              		.loc 1 117 0
 187 0038 0293     		str	r3, [sp, #8]
 118:Src/adc.c     ****   if (HAL_ADC_ConfigChannel(&hadc2, &sConfig) != HAL_OK)
 188              		.loc 1 118 0
 189 003a 6946     		mov	r1, sp
 190 003c 0848     		ldr	r0, .L15
 191 003e FFF7FEFF 		bl	HAL_ADC_ConfigChannel
 192              	.LVL5:
 193 0042 38B9     		cbnz	r0, .L14
 194              	.L9:
 119:Src/adc.c     ****   {
 120:Src/adc.c     ****     _Error_Handler(__FILE__, __LINE__);
 121:Src/adc.c     ****   }
 122:Src/adc.c     **** 
 123:Src/adc.c     **** }
 195              		.loc 1 123 0
 196 0044 05B0     		add	sp, sp, #20
 197              	.LCFI6:
 198              		.cfi_remember_state
 199              		.cfi_def_cfa_offset 4
 200              		@ sp needed
 201 0046 5DF804FB 		ldr	pc, [sp], #4
 202              	.L13:
 203              	.LCFI7:
 204              		.cfi_restore_state
 110:Src/adc.c     ****   }
 205              		.loc 1 110 0
 206 004a 6E21     		movs	r1, #110
 207 004c 0748     		ldr	r0, .L15+12
 208 004e FFF7FEFF 		bl	_Error_Handler
 209              	.LVL6:
 210 0052 EDE7     		b	.L10
 211              	.L14:
 120:Src/adc.c     ****   }
 212              		.loc 1 120 0
 213 0054 7821     		movs	r1, #120
 214 0056 0548     		ldr	r0, .L15+12
 215 0058 FFF7FEFF 		bl	_Error_Handler
 216              	.LVL7:
 217              		.loc 1 123 0
 218 005c F2E7     		b	.L9
ARM GAS  C:\Users\kotaro\AppData\Local\Temp\ccemqk8t.s 			page 7


 219              	.L16:
 220 005e 00BF     		.align	2
 221              	.L15:
 222 0060 00000000 		.word	hadc2
 223 0064 00210140 		.word	1073815808
 224 0068 0100000F 		.word	251658241
 225 006c 00000000 		.word	.LC0
 226              		.cfi_endproc
 227              	.LFE127:
 229              		.section	.text.MX_ADC3_Init,"ax",%progbits
 230              		.align	1
 231              		.global	MX_ADC3_Init
 232              		.syntax unified
 233              		.thumb
 234              		.thumb_func
 235              		.fpu fpv4-sp-d16
 237              	MX_ADC3_Init:
 238              	.LFB128:
 124:Src/adc.c     **** /* ADC3 init function */
 125:Src/adc.c     **** void MX_ADC3_Init(void)
 126:Src/adc.c     **** {
 239              		.loc 1 126 0
 240              		.cfi_startproc
 241              		@ args = 0, pretend = 0, frame = 16
 242              		@ frame_needed = 0, uses_anonymous_args = 0
 243 0000 00B5     		push	{lr}
 244              	.LCFI8:
 245              		.cfi_def_cfa_offset 4
 246              		.cfi_offset 14, -4
 247 0002 85B0     		sub	sp, sp, #20
 248              	.LCFI9:
 249              		.cfi_def_cfa_offset 24
 127:Src/adc.c     ****   ADC_ChannelConfTypeDef sConfig;
 128:Src/adc.c     **** 
 129:Src/adc.c     ****     /**Configure the global features of the ADC (Clock, Resolution, Data Alignment and number of co
 130:Src/adc.c     ****     */
 131:Src/adc.c     ****   hadc3.Instance = ADC3;
 250              		.loc 1 131 0
 251 0004 1648     		ldr	r0, .L23
 252 0006 174B     		ldr	r3, .L23+4
 253 0008 0360     		str	r3, [r0]
 132:Src/adc.c     ****   hadc3.Init.ClockPrescaler = ADC_CLOCK_SYNC_PCLK_DIV4;
 254              		.loc 1 132 0
 255 000a 4FF48033 		mov	r3, #65536
 256 000e 4360     		str	r3, [r0, #4]
 133:Src/adc.c     ****   hadc3.Init.Resolution = ADC_RESOLUTION_12B;
 257              		.loc 1 133 0
 258 0010 0023     		movs	r3, #0
 259 0012 8360     		str	r3, [r0, #8]
 134:Src/adc.c     ****   hadc3.Init.ScanConvMode = DISABLE;
 260              		.loc 1 134 0
 261 0014 0361     		str	r3, [r0, #16]
 135:Src/adc.c     ****   hadc3.Init.ContinuousConvMode = DISABLE;
 262              		.loc 1 135 0
 263 0016 8361     		str	r3, [r0, #24]
 136:Src/adc.c     ****   hadc3.Init.DiscontinuousConvMode = DISABLE;
 264              		.loc 1 136 0
ARM GAS  C:\Users\kotaro\AppData\Local\Temp\ccemqk8t.s 			page 8


 265 0018 0362     		str	r3, [r0, #32]
 137:Src/adc.c     ****   hadc3.Init.ExternalTrigConvEdge = ADC_EXTERNALTRIGCONVEDGE_NONE;
 266              		.loc 1 137 0
 267 001a C362     		str	r3, [r0, #44]
 138:Src/adc.c     ****   hadc3.Init.ExternalTrigConv = ADC_SOFTWARE_START;
 268              		.loc 1 138 0
 269 001c 124A     		ldr	r2, .L23+8
 270 001e 8262     		str	r2, [r0, #40]
 139:Src/adc.c     ****   hadc3.Init.DataAlign = ADC_DATAALIGN_RIGHT;
 271              		.loc 1 139 0
 272 0020 C360     		str	r3, [r0, #12]
 140:Src/adc.c     ****   hadc3.Init.NbrOfConversion = 1;
 273              		.loc 1 140 0
 274 0022 0122     		movs	r2, #1
 275 0024 C261     		str	r2, [r0, #28]
 141:Src/adc.c     ****   hadc3.Init.DMAContinuousRequests = DISABLE;
 276              		.loc 1 141 0
 277 0026 0363     		str	r3, [r0, #48]
 142:Src/adc.c     ****   hadc3.Init.EOCSelection = ADC_EOC_SINGLE_CONV;
 278              		.loc 1 142 0
 279 0028 4261     		str	r2, [r0, #20]
 143:Src/adc.c     ****   if (HAL_ADC_Init(&hadc3) != HAL_OK)
 280              		.loc 1 143 0
 281 002a FFF7FEFF 		bl	HAL_ADC_Init
 282              	.LVL8:
 283 002e 60B9     		cbnz	r0, .L21
 284              	.L18:
 144:Src/adc.c     ****   {
 145:Src/adc.c     ****     _Error_Handler(__FILE__, __LINE__);
 146:Src/adc.c     ****   }
 147:Src/adc.c     **** 
 148:Src/adc.c     ****     /**Configure for the selected ADC regular channel its corresponding rank in the sequencer and i
 149:Src/adc.c     ****     */
 150:Src/adc.c     ****   sConfig.Channel = ADC_CHANNEL_1;
 285              		.loc 1 150 0
 286 0030 0123     		movs	r3, #1
 287 0032 0093     		str	r3, [sp]
 151:Src/adc.c     ****   sConfig.Rank = 1;
 288              		.loc 1 151 0
 289 0034 0193     		str	r3, [sp, #4]
 152:Src/adc.c     ****   sConfig.SamplingTime = ADC_SAMPLETIME_3CYCLES;
 290              		.loc 1 152 0
 291 0036 0023     		movs	r3, #0
 292 0038 0293     		str	r3, [sp, #8]
 153:Src/adc.c     ****   if (HAL_ADC_ConfigChannel(&hadc3, &sConfig) != HAL_OK)
 293              		.loc 1 153 0
 294 003a 6946     		mov	r1, sp
 295 003c 0848     		ldr	r0, .L23
 296 003e FFF7FEFF 		bl	HAL_ADC_ConfigChannel
 297              	.LVL9:
 298 0042 38B9     		cbnz	r0, .L22
 299              	.L17:
 154:Src/adc.c     ****   {
 155:Src/adc.c     ****     _Error_Handler(__FILE__, __LINE__);
 156:Src/adc.c     ****   }
 157:Src/adc.c     **** 
 158:Src/adc.c     **** }
ARM GAS  C:\Users\kotaro\AppData\Local\Temp\ccemqk8t.s 			page 9


 300              		.loc 1 158 0
 301 0044 05B0     		add	sp, sp, #20
 302              	.LCFI10:
 303              		.cfi_remember_state
 304              		.cfi_def_cfa_offset 4
 305              		@ sp needed
 306 0046 5DF804FB 		ldr	pc, [sp], #4
 307              	.L21:
 308              	.LCFI11:
 309              		.cfi_restore_state
 145:Src/adc.c     ****   }
 310              		.loc 1 145 0
 311 004a 9121     		movs	r1, #145
 312 004c 0748     		ldr	r0, .L23+12
 313 004e FFF7FEFF 		bl	_Error_Handler
 314              	.LVL10:
 315 0052 EDE7     		b	.L18
 316              	.L22:
 155:Src/adc.c     ****   }
 317              		.loc 1 155 0
 318 0054 9B21     		movs	r1, #155
 319 0056 0548     		ldr	r0, .L23+12
 320 0058 FFF7FEFF 		bl	_Error_Handler
 321              	.LVL11:
 322              		.loc 1 158 0
 323 005c F2E7     		b	.L17
 324              	.L24:
 325 005e 00BF     		.align	2
 326              	.L23:
 327 0060 00000000 		.word	hadc3
 328 0064 00220140 		.word	1073816064
 329 0068 0100000F 		.word	251658241
 330 006c 00000000 		.word	.LC0
 331              		.cfi_endproc
 332              	.LFE128:
 334              		.section	.text.HAL_ADC_MspInit,"ax",%progbits
 335              		.align	1
 336              		.global	HAL_ADC_MspInit
 337              		.syntax unified
 338              		.thumb
 339              		.thumb_func
 340              		.fpu fpv4-sp-d16
 342              	HAL_ADC_MspInit:
 343              	.LFB129:
 159:Src/adc.c     **** 
 160:Src/adc.c     **** void HAL_ADC_MspInit(ADC_HandleTypeDef* adcHandle)
 161:Src/adc.c     **** {
 344              		.loc 1 161 0
 345              		.cfi_startproc
 346              		@ args = 0, pretend = 0, frame = 32
 347              		@ frame_needed = 0, uses_anonymous_args = 0
 348              	.LVL12:
 349 0000 00B5     		push	{lr}
 350              	.LCFI12:
 351              		.cfi_def_cfa_offset 4
 352              		.cfi_offset 14, -4
 353 0002 89B0     		sub	sp, sp, #36
ARM GAS  C:\Users\kotaro\AppData\Local\Temp\ccemqk8t.s 			page 10


 354              	.LCFI13:
 355              		.cfi_def_cfa_offset 40
 162:Src/adc.c     **** 
 163:Src/adc.c     ****   GPIO_InitTypeDef GPIO_InitStruct;
 164:Src/adc.c     ****   if(adcHandle->Instance==ADC1)
 356              		.loc 1 164 0
 357 0004 0368     		ldr	r3, [r0]
 358 0006 274A     		ldr	r2, .L33
 359 0008 9342     		cmp	r3, r2
 360 000a 08D0     		beq	.L30
 165:Src/adc.c     ****   {
 166:Src/adc.c     ****   /* USER CODE BEGIN ADC1_MspInit 0 */
 167:Src/adc.c     **** 
 168:Src/adc.c     ****   /* USER CODE END ADC1_MspInit 0 */
 169:Src/adc.c     ****     /* ADC1 clock enable */
 170:Src/adc.c     ****     __HAL_RCC_ADC1_CLK_ENABLE();
 171:Src/adc.c     ****   
 172:Src/adc.c     ****     /**ADC1 GPIO Configuration    
 173:Src/adc.c     ****     PA4     ------> ADC1_IN4 
 174:Src/adc.c     ****     */
 175:Src/adc.c     ****     GPIO_InitStruct.Pin = GPIO_PIN_4;
 176:Src/adc.c     ****     GPIO_InitStruct.Mode = GPIO_MODE_ANALOG;
 177:Src/adc.c     ****     GPIO_InitStruct.Pull = GPIO_NOPULL;
 178:Src/adc.c     ****     HAL_GPIO_Init(GPIOA, &GPIO_InitStruct);
 179:Src/adc.c     **** 
 180:Src/adc.c     ****   /* USER CODE BEGIN ADC1_MspInit 1 */
 181:Src/adc.c     **** 
 182:Src/adc.c     ****   /* USER CODE END ADC1_MspInit 1 */
 183:Src/adc.c     ****   }
 184:Src/adc.c     ****   else if(adcHandle->Instance==ADC2)
 361              		.loc 1 184 0
 362 000c 264A     		ldr	r2, .L33+4
 363 000e 9342     		cmp	r3, r2
 364 0010 1BD0     		beq	.L31
 185:Src/adc.c     ****   {
 186:Src/adc.c     ****   /* USER CODE BEGIN ADC2_MspInit 0 */
 187:Src/adc.c     **** 
 188:Src/adc.c     ****   /* USER CODE END ADC2_MspInit 0 */
 189:Src/adc.c     ****     /* ADC2 clock enable */
 190:Src/adc.c     ****     __HAL_RCC_ADC2_CLK_ENABLE();
 191:Src/adc.c     ****   
 192:Src/adc.c     ****     /**ADC2 GPIO Configuration    
 193:Src/adc.c     ****     PA0-WKUP     ------> ADC2_IN0
 194:Src/adc.c     ****     PA3     ------> ADC2_IN3 
 195:Src/adc.c     ****     */
 196:Src/adc.c     ****     GPIO_InitStruct.Pin = GPIO_PIN_0|GPIO_PIN_3;
 197:Src/adc.c     ****     GPIO_InitStruct.Mode = GPIO_MODE_ANALOG;
 198:Src/adc.c     ****     GPIO_InitStruct.Pull = GPIO_NOPULL;
 199:Src/adc.c     ****     HAL_GPIO_Init(GPIOA, &GPIO_InitStruct);
 200:Src/adc.c     **** 
 201:Src/adc.c     ****   /* USER CODE BEGIN ADC2_MspInit 1 */
 202:Src/adc.c     **** 
 203:Src/adc.c     ****   /* USER CODE END ADC2_MspInit 1 */
 204:Src/adc.c     ****   }
 205:Src/adc.c     ****   else if(adcHandle->Instance==ADC3)
 365              		.loc 1 205 0
 366 0012 264A     		ldr	r2, .L33+8
ARM GAS  C:\Users\kotaro\AppData\Local\Temp\ccemqk8t.s 			page 11


 367 0014 9342     		cmp	r3, r2
 368 0016 2ED0     		beq	.L32
 369              	.LVL13:
 370              	.L25:
 206:Src/adc.c     ****   {
 207:Src/adc.c     ****   /* USER CODE BEGIN ADC3_MspInit 0 */
 208:Src/adc.c     **** 
 209:Src/adc.c     ****   /* USER CODE END ADC3_MspInit 0 */
 210:Src/adc.c     ****     /* ADC3 clock enable */
 211:Src/adc.c     ****     __HAL_RCC_ADC3_CLK_ENABLE();
 212:Src/adc.c     ****   
 213:Src/adc.c     ****     /**ADC3 GPIO Configuration    
 214:Src/adc.c     ****     PA1     ------> ADC3_IN1
 215:Src/adc.c     ****     PA2     ------> ADC3_IN2 
 216:Src/adc.c     ****     */
 217:Src/adc.c     ****     GPIO_InitStruct.Pin = GPIO_PIN_1|GPIO_PIN_2;
 218:Src/adc.c     ****     GPIO_InitStruct.Mode = GPIO_MODE_ANALOG;
 219:Src/adc.c     ****     GPIO_InitStruct.Pull = GPIO_NOPULL;
 220:Src/adc.c     ****     HAL_GPIO_Init(GPIOA, &GPIO_InitStruct);
 221:Src/adc.c     **** 
 222:Src/adc.c     ****   /* USER CODE BEGIN ADC3_MspInit 1 */
 223:Src/adc.c     **** 
 224:Src/adc.c     ****   /* USER CODE END ADC3_MspInit 1 */
 225:Src/adc.c     ****   }
 226:Src/adc.c     **** }
 371              		.loc 1 226 0
 372 0018 09B0     		add	sp, sp, #36
 373              	.LCFI14:
 374              		.cfi_remember_state
 375              		.cfi_def_cfa_offset 4
 376              		@ sp needed
 377 001a 5DF804FB 		ldr	pc, [sp], #4
 378              	.LVL14:
 379              	.L30:
 380              	.LCFI15:
 381              		.cfi_restore_state
 382              	.LBB2:
 170:Src/adc.c     ****   
 383              		.loc 1 170 0
 384 001e 0021     		movs	r1, #0
 385 0020 0091     		str	r1, [sp]
 386 0022 234B     		ldr	r3, .L33+12
 387 0024 5A6C     		ldr	r2, [r3, #68]
 388 0026 42F48072 		orr	r2, r2, #256
 389 002a 5A64     		str	r2, [r3, #68]
 390 002c 5B6C     		ldr	r3, [r3, #68]
 391 002e 03F48073 		and	r3, r3, #256
 392 0032 0093     		str	r3, [sp]
 393 0034 009B     		ldr	r3, [sp]
 394              	.LBE2:
 175:Src/adc.c     ****     GPIO_InitStruct.Mode = GPIO_MODE_ANALOG;
 395              		.loc 1 175 0
 396 0036 1023     		movs	r3, #16
 397 0038 0393     		str	r3, [sp, #12]
 176:Src/adc.c     ****     GPIO_InitStruct.Pull = GPIO_NOPULL;
 398              		.loc 1 176 0
 399 003a 0323     		movs	r3, #3
ARM GAS  C:\Users\kotaro\AppData\Local\Temp\ccemqk8t.s 			page 12


 400 003c 0493     		str	r3, [sp, #16]
 177:Src/adc.c     ****     HAL_GPIO_Init(GPIOA, &GPIO_InitStruct);
 401              		.loc 1 177 0
 402 003e 0591     		str	r1, [sp, #20]
 178:Src/adc.c     **** 
 403              		.loc 1 178 0
 404 0040 03A9     		add	r1, sp, #12
 405 0042 1C48     		ldr	r0, .L33+16
 406              	.LVL15:
 407 0044 FFF7FEFF 		bl	HAL_GPIO_Init
 408              	.LVL16:
 409 0048 E6E7     		b	.L25
 410              	.LVL17:
 411              	.L31:
 412              	.LBB3:
 190:Src/adc.c     ****   
 413              		.loc 1 190 0
 414 004a 0021     		movs	r1, #0
 415 004c 0191     		str	r1, [sp, #4]
 416 004e 184B     		ldr	r3, .L33+12
 417 0050 5A6C     		ldr	r2, [r3, #68]
 418 0052 42F40072 		orr	r2, r2, #512
 419 0056 5A64     		str	r2, [r3, #68]
 420 0058 5B6C     		ldr	r3, [r3, #68]
 421 005a 03F40073 		and	r3, r3, #512
 422 005e 0193     		str	r3, [sp, #4]
 423 0060 019B     		ldr	r3, [sp, #4]
 424              	.LBE3:
 196:Src/adc.c     ****     GPIO_InitStruct.Mode = GPIO_MODE_ANALOG;
 425              		.loc 1 196 0
 426 0062 0923     		movs	r3, #9
 427 0064 0393     		str	r3, [sp, #12]
 197:Src/adc.c     ****     GPIO_InitStruct.Pull = GPIO_NOPULL;
 428              		.loc 1 197 0
 429 0066 0323     		movs	r3, #3
 430 0068 0493     		str	r3, [sp, #16]
 198:Src/adc.c     ****     HAL_GPIO_Init(GPIOA, &GPIO_InitStruct);
 431              		.loc 1 198 0
 432 006a 0591     		str	r1, [sp, #20]
 199:Src/adc.c     **** 
 433              		.loc 1 199 0
 434 006c 03A9     		add	r1, sp, #12
 435 006e 1148     		ldr	r0, .L33+16
 436              	.LVL18:
 437 0070 FFF7FEFF 		bl	HAL_GPIO_Init
 438              	.LVL19:
 439 0074 D0E7     		b	.L25
 440              	.LVL20:
 441              	.L32:
 442              	.LBB4:
 211:Src/adc.c     ****   
 443              		.loc 1 211 0
 444 0076 0021     		movs	r1, #0
 445 0078 0291     		str	r1, [sp, #8]
 446 007a 0D4B     		ldr	r3, .L33+12
 447 007c 5A6C     		ldr	r2, [r3, #68]
 448 007e 42F48062 		orr	r2, r2, #1024
ARM GAS  C:\Users\kotaro\AppData\Local\Temp\ccemqk8t.s 			page 13


 449 0082 5A64     		str	r2, [r3, #68]
 450 0084 5B6C     		ldr	r3, [r3, #68]
 451 0086 03F48063 		and	r3, r3, #1024
 452 008a 0293     		str	r3, [sp, #8]
 453 008c 029B     		ldr	r3, [sp, #8]
 454              	.LBE4:
 217:Src/adc.c     ****     GPIO_InitStruct.Mode = GPIO_MODE_ANALOG;
 455              		.loc 1 217 0
 456 008e 0623     		movs	r3, #6
 457 0090 0393     		str	r3, [sp, #12]
 218:Src/adc.c     ****     GPIO_InitStruct.Pull = GPIO_NOPULL;
 458              		.loc 1 218 0
 459 0092 0323     		movs	r3, #3
 460 0094 0493     		str	r3, [sp, #16]
 219:Src/adc.c     ****     HAL_GPIO_Init(GPIOA, &GPIO_InitStruct);
 461              		.loc 1 219 0
 462 0096 0591     		str	r1, [sp, #20]
 220:Src/adc.c     **** 
 463              		.loc 1 220 0
 464 0098 03A9     		add	r1, sp, #12
 465 009a 0648     		ldr	r0, .L33+16
 466              	.LVL21:
 467 009c FFF7FEFF 		bl	HAL_GPIO_Init
 468              	.LVL22:
 469              		.loc 1 226 0
 470 00a0 BAE7     		b	.L25
 471              	.L34:
 472 00a2 00BF     		.align	2
 473              	.L33:
 474 00a4 00200140 		.word	1073815552
 475 00a8 00210140 		.word	1073815808
 476 00ac 00220140 		.word	1073816064
 477 00b0 00380240 		.word	1073887232
 478 00b4 00000240 		.word	1073872896
 479              		.cfi_endproc
 480              	.LFE129:
 482              		.section	.text.HAL_ADC_MspDeInit,"ax",%progbits
 483              		.align	1
 484              		.global	HAL_ADC_MspDeInit
 485              		.syntax unified
 486              		.thumb
 487              		.thumb_func
 488              		.fpu fpv4-sp-d16
 490              	HAL_ADC_MspDeInit:
 491              	.LFB130:
 227:Src/adc.c     **** 
 228:Src/adc.c     **** void HAL_ADC_MspDeInit(ADC_HandleTypeDef* adcHandle)
 229:Src/adc.c     **** {
 492              		.loc 1 229 0
 493              		.cfi_startproc
 494              		@ args = 0, pretend = 0, frame = 0
 495              		@ frame_needed = 0, uses_anonymous_args = 0
 496              	.LVL23:
 497 0000 08B5     		push	{r3, lr}
 498              	.LCFI16:
 499              		.cfi_def_cfa_offset 8
 500              		.cfi_offset 3, -8
ARM GAS  C:\Users\kotaro\AppData\Local\Temp\ccemqk8t.s 			page 14


 501              		.cfi_offset 14, -4
 230:Src/adc.c     **** 
 231:Src/adc.c     ****   if(adcHandle->Instance==ADC1)
 502              		.loc 1 231 0
 503 0002 0368     		ldr	r3, [r0]
 504 0004 144A     		ldr	r2, .L43
 505 0006 9342     		cmp	r3, r2
 506 0008 06D0     		beq	.L40
 232:Src/adc.c     ****   {
 233:Src/adc.c     ****   /* USER CODE BEGIN ADC1_MspDeInit 0 */
 234:Src/adc.c     **** 
 235:Src/adc.c     ****   /* USER CODE END ADC1_MspDeInit 0 */
 236:Src/adc.c     ****     /* Peripheral clock disable */
 237:Src/adc.c     ****     __HAL_RCC_ADC1_CLK_DISABLE();
 238:Src/adc.c     ****   
 239:Src/adc.c     ****     /**ADC1 GPIO Configuration    
 240:Src/adc.c     ****     PA4     ------> ADC1_IN4 
 241:Src/adc.c     ****     */
 242:Src/adc.c     ****     HAL_GPIO_DeInit(GPIOA, GPIO_PIN_4);
 243:Src/adc.c     **** 
 244:Src/adc.c     ****   /* USER CODE BEGIN ADC1_MspDeInit 1 */
 245:Src/adc.c     **** 
 246:Src/adc.c     ****   /* USER CODE END ADC1_MspDeInit 1 */
 247:Src/adc.c     ****   }
 248:Src/adc.c     ****   else if(adcHandle->Instance==ADC2)
 507              		.loc 1 248 0
 508 000a 144A     		ldr	r2, .L43+4
 509 000c 9342     		cmp	r3, r2
 510 000e 0ED0     		beq	.L41
 249:Src/adc.c     ****   {
 250:Src/adc.c     ****   /* USER CODE BEGIN ADC2_MspDeInit 0 */
 251:Src/adc.c     **** 
 252:Src/adc.c     ****   /* USER CODE END ADC2_MspDeInit 0 */
 253:Src/adc.c     ****     /* Peripheral clock disable */
 254:Src/adc.c     ****     __HAL_RCC_ADC2_CLK_DISABLE();
 255:Src/adc.c     ****   
 256:Src/adc.c     ****     /**ADC2 GPIO Configuration    
 257:Src/adc.c     ****     PA0-WKUP     ------> ADC2_IN0
 258:Src/adc.c     ****     PA3     ------> ADC2_IN3 
 259:Src/adc.c     ****     */
 260:Src/adc.c     ****     HAL_GPIO_DeInit(GPIOA, GPIO_PIN_0|GPIO_PIN_3);
 261:Src/adc.c     **** 
 262:Src/adc.c     ****   /* USER CODE BEGIN ADC2_MspDeInit 1 */
 263:Src/adc.c     **** 
 264:Src/adc.c     ****   /* USER CODE END ADC2_MspDeInit 1 */
 265:Src/adc.c     ****   }
 266:Src/adc.c     ****   else if(adcHandle->Instance==ADC3)
 511              		.loc 1 266 0
 512 0010 134A     		ldr	r2, .L43+8
 513 0012 9342     		cmp	r3, r2
 514 0014 15D0     		beq	.L42
 515              	.LVL24:
 516              	.L35:
 267:Src/adc.c     ****   {
 268:Src/adc.c     ****   /* USER CODE BEGIN ADC3_MspDeInit 0 */
 269:Src/adc.c     **** 
 270:Src/adc.c     ****   /* USER CODE END ADC3_MspDeInit 0 */
ARM GAS  C:\Users\kotaro\AppData\Local\Temp\ccemqk8t.s 			page 15


 271:Src/adc.c     ****     /* Peripheral clock disable */
 272:Src/adc.c     ****     __HAL_RCC_ADC3_CLK_DISABLE();
 273:Src/adc.c     ****   
 274:Src/adc.c     ****     /**ADC3 GPIO Configuration    
 275:Src/adc.c     ****     PA1     ------> ADC3_IN1
 276:Src/adc.c     ****     PA2     ------> ADC3_IN2 
 277:Src/adc.c     ****     */
 278:Src/adc.c     ****     HAL_GPIO_DeInit(GPIOA, GPIO_PIN_1|GPIO_PIN_2);
 279:Src/adc.c     **** 
 280:Src/adc.c     ****   /* USER CODE BEGIN ADC3_MspDeInit 1 */
 281:Src/adc.c     **** 
 282:Src/adc.c     ****   /* USER CODE END ADC3_MspDeInit 1 */
 283:Src/adc.c     ****   }
 284:Src/adc.c     **** } 
 517              		.loc 1 284 0
 518 0016 08BD     		pop	{r3, pc}
 519              	.LVL25:
 520              	.L40:
 237:Src/adc.c     ****   
 521              		.loc 1 237 0
 522 0018 02F58C32 		add	r2, r2, #71680
 523 001c 536C     		ldr	r3, [r2, #68]
 524 001e 23F48073 		bic	r3, r3, #256
 525 0022 5364     		str	r3, [r2, #68]
 242:Src/adc.c     **** 
 526              		.loc 1 242 0
 527 0024 1021     		movs	r1, #16
 528 0026 0F48     		ldr	r0, .L43+12
 529              	.LVL26:
 530 0028 FFF7FEFF 		bl	HAL_GPIO_DeInit
 531              	.LVL27:
 532 002c F3E7     		b	.L35
 533              	.LVL28:
 534              	.L41:
 254:Src/adc.c     ****   
 535              		.loc 1 254 0
 536 002e 0E4A     		ldr	r2, .L43+16
 537 0030 536C     		ldr	r3, [r2, #68]
 538 0032 23F40073 		bic	r3, r3, #512
 539 0036 5364     		str	r3, [r2, #68]
 260:Src/adc.c     **** 
 540              		.loc 1 260 0
 541 0038 0921     		movs	r1, #9
 542 003a 0A48     		ldr	r0, .L43+12
 543              	.LVL29:
 544 003c FFF7FEFF 		bl	HAL_GPIO_DeInit
 545              	.LVL30:
 546 0040 E9E7     		b	.L35
 547              	.LVL31:
 548              	.L42:
 272:Src/adc.c     ****   
 549              		.loc 1 272 0
 550 0042 02F58B32 		add	r2, r2, #71168
 551 0046 536C     		ldr	r3, [r2, #68]
 552 0048 23F48063 		bic	r3, r3, #1024
 553 004c 5364     		str	r3, [r2, #68]
 278:Src/adc.c     **** 
ARM GAS  C:\Users\kotaro\AppData\Local\Temp\ccemqk8t.s 			page 16


 554              		.loc 1 278 0
 555 004e 0621     		movs	r1, #6
 556 0050 0448     		ldr	r0, .L43+12
 557              	.LVL32:
 558 0052 FFF7FEFF 		bl	HAL_GPIO_DeInit
 559              	.LVL33:
 560              		.loc 1 284 0
 561 0056 DEE7     		b	.L35
 562              	.L44:
 563              		.align	2
 564              	.L43:
 565 0058 00200140 		.word	1073815552
 566 005c 00210140 		.word	1073815808
 567 0060 00220140 		.word	1073816064
 568 0064 00000240 		.word	1073872896
 569 0068 00380240 		.word	1073887232
 570              		.cfi_endproc
 571              	.LFE130:
 573              		.section	.text.update_adc1_date,"ax",%progbits
 574              		.align	1
 575              		.global	update_adc1_date
 576              		.syntax unified
 577              		.thumb
 578              		.thumb_func
 579              		.fpu fpv4-sp-d16
 581              	update_adc1_date:
 582              	.LFB131:
 285:Src/adc.c     **** 
 286:Src/adc.c     **** /* USER CODE BEGIN 1 */
 287:Src/adc.c     **** void update_adc1_date(void)
 288:Src/adc.c     **** {
 583              		.loc 1 288 0
 584              		.cfi_startproc
 585              		@ args = 0, pretend = 0, frame = 16
 586              		@ frame_needed = 0, uses_anonymous_args = 0
 587 0000 10B5     		push	{r4, lr}
 588              	.LCFI17:
 589              		.cfi_def_cfa_offset 8
 590              		.cfi_offset 4, -8
 591              		.cfi_offset 14, -4
 592 0002 84B0     		sub	sp, sp, #16
 593              	.LCFI18:
 594              		.cfi_def_cfa_offset 24
 289:Src/adc.c     ****   ADC_ChannelConfTypeDef sConfig;
 290:Src/adc.c     ****   sConfig.Channel = ADC_CHANNEL_4;
 595              		.loc 1 290 0
 596 0004 0423     		movs	r3, #4
 597 0006 0093     		str	r3, [sp]
 291:Src/adc.c     ****   sConfig.Rank = 1;
 598              		.loc 1 291 0
 599 0008 0123     		movs	r3, #1
 600 000a 0193     		str	r3, [sp, #4]
 292:Src/adc.c     ****   sConfig.SamplingTime = ADC_SAMPLETIME_56CYCLES;
 601              		.loc 1 292 0
 602 000c 0323     		movs	r3, #3
 603 000e 0293     		str	r3, [sp, #8]
 293:Src/adc.c     ****   HAL_ADC_ConfigChannel( &hadc1, &sConfig );  // setting store
ARM GAS  C:\Users\kotaro\AppData\Local\Temp\ccemqk8t.s 			page 17


 604              		.loc 1 293 0
 605 0010 0A4C     		ldr	r4, .L48
 606 0012 6946     		mov	r1, sp
 607 0014 2046     		mov	r0, r4
 608 0016 FFF7FEFF 		bl	HAL_ADC_ConfigChannel
 609              	.LVL34:
 294:Src/adc.c     ****   HAL_ADC_Start( &hadc1 );     // ad convert start
 610              		.loc 1 294 0
 611 001a 2046     		mov	r0, r4
 612 001c FFF7FEFF 		bl	HAL_ADC_Start
 613              	.LVL35:
 614              	.L46:
 295:Src/adc.c     ****   while( HAL_ADC_PollForConversion( &hadc1,50 ) != HAL_OK );  // trans
 615              		.loc 1 295 0 discriminator 1
 616 0020 3221     		movs	r1, #50
 617 0022 0648     		ldr	r0, .L48
 618 0024 FFF7FEFF 		bl	HAL_ADC_PollForConversion
 619              	.LVL36:
 620 0028 0028     		cmp	r0, #0
 621 002a F9D1     		bne	.L46
 296:Src/adc.c     ****   batt_analog=HAL_ADC_GetValue(&hadc1);
 622              		.loc 1 296 0
 623 002c 0348     		ldr	r0, .L48
 624 002e FFF7FEFF 		bl	HAL_ADC_GetValue
 625              	.LVL37:
 626 0032 034B     		ldr	r3, .L48+4
 627 0034 1860     		str	r0, [r3]
 297:Src/adc.c     **** }
 628              		.loc 1 297 0
 629 0036 04B0     		add	sp, sp, #16
 630              	.LCFI19:
 631              		.cfi_def_cfa_offset 8
 632              		@ sp needed
 633 0038 10BD     		pop	{r4, pc}
 634              	.L49:
 635 003a 00BF     		.align	2
 636              	.L48:
 637 003c 00000000 		.word	hadc1
 638 0040 00000000 		.word	batt_analog
 639              		.cfi_endproc
 640              	.LFE131:
 642              		.section	.text.update_adc2_date,"ax",%progbits
 643              		.align	1
 644              		.global	update_adc2_date
 645              		.syntax unified
 646              		.thumb
 647              		.thumb_func
 648              		.fpu fpv4-sp-d16
 650              	update_adc2_date:
 651              	.LFB132:
 298:Src/adc.c     **** void update_adc2_date(void)
 299:Src/adc.c     **** {
 652              		.loc 1 299 0
 653              		.cfi_startproc
 654              		@ args = 0, pretend = 0, frame = 16
 655              		@ frame_needed = 0, uses_anonymous_args = 0
 656 0000 10B5     		push	{r4, lr}
ARM GAS  C:\Users\kotaro\AppData\Local\Temp\ccemqk8t.s 			page 18


 657              	.LCFI20:
 658              		.cfi_def_cfa_offset 8
 659              		.cfi_offset 4, -8
 660              		.cfi_offset 14, -4
 661 0002 84B0     		sub	sp, sp, #16
 662              	.LCFI21:
 663              		.cfi_def_cfa_offset 24
 300:Src/adc.c     ****   ADC_ChannelConfTypeDef sConfig;
 301:Src/adc.c     ****   sConfig.Rank = 1;
 664              		.loc 1 301 0
 665 0004 0123     		movs	r3, #1
 666 0006 0193     		str	r3, [sp, #4]
 302:Src/adc.c     ****   sConfig.SamplingTime = ADC_SAMPLETIME_56CYCLES;
 667              		.loc 1 302 0
 668 0008 0323     		movs	r3, #3
 669 000a 0293     		str	r3, [sp, #8]
 303:Src/adc.c     **** 
 304:Src/adc.c     ****   sConfig.Channel = ADC_CHANNEL_0;
 670              		.loc 1 304 0
 671 000c 04A9     		add	r1, sp, #16
 672 000e 0023     		movs	r3, #0
 673 0010 41F8103D 		str	r3, [r1, #-16]!
 305:Src/adc.c     ****   HAL_ADC_ConfigChannel( &hadc2, &sConfig );  // setting store
 674              		.loc 1 305 0
 675 0014 144C     		ldr	r4, .L54
 676 0016 2046     		mov	r0, r4
 677 0018 FFF7FEFF 		bl	HAL_ADC_ConfigChannel
 678              	.LVL38:
 306:Src/adc.c     ****   HAL_ADC_Start( &hadc2 );     // ad convert start
 679              		.loc 1 306 0
 680 001c 2046     		mov	r0, r4
 681 001e FFF7FEFF 		bl	HAL_ADC_Start
 682              	.LVL39:
 683              	.L51:
 307:Src/adc.c     ****   while( HAL_ADC_PollForConversion( &hadc2,50 ) != HAL_OK );  // trans
 684              		.loc 1 307 0 discriminator 1
 685 0022 3221     		movs	r1, #50
 686 0024 1048     		ldr	r0, .L54
 687 0026 FFF7FEFF 		bl	HAL_ADC_PollForConversion
 688              	.LVL40:
 689 002a 0028     		cmp	r0, #0
 690 002c F9D1     		bne	.L51
 308:Src/adc.c     ****   sensor[0] = HAL_ADC_GetValue(&hadc2);
 691              		.loc 1 308 0
 692 002e 0E4C     		ldr	r4, .L54
 693 0030 2046     		mov	r0, r4
 694 0032 FFF7FEFF 		bl	HAL_ADC_GetValue
 695              	.LVL41:
 696 0036 0D4B     		ldr	r3, .L54+4
 697 0038 1860     		str	r0, [r3]
 309:Src/adc.c     **** 
 310:Src/adc.c     ****   sConfig.Channel = ADC_CHANNEL_3;
 698              		.loc 1 310 0
 699 003a 04A9     		add	r1, sp, #16
 700 003c 0323     		movs	r3, #3
 701 003e 41F8103D 		str	r3, [r1, #-16]!
 311:Src/adc.c     ****   HAL_ADC_ConfigChannel( &hadc2, &sConfig );  // setting store
ARM GAS  C:\Users\kotaro\AppData\Local\Temp\ccemqk8t.s 			page 19


 702              		.loc 1 311 0
 703 0042 2046     		mov	r0, r4
 704 0044 FFF7FEFF 		bl	HAL_ADC_ConfigChannel
 705              	.LVL42:
 312:Src/adc.c     ****   HAL_ADC_Start( &hadc2 );     // ad convert start
 706              		.loc 1 312 0
 707 0048 2046     		mov	r0, r4
 708 004a FFF7FEFF 		bl	HAL_ADC_Start
 709              	.LVL43:
 710              	.L52:
 313:Src/adc.c     ****   while( HAL_ADC_PollForConversion( &hadc2,50 ) != HAL_OK );  // trans
 711              		.loc 1 313 0 discriminator 1
 712 004e 3221     		movs	r1, #50
 713 0050 0548     		ldr	r0, .L54
 714 0052 FFF7FEFF 		bl	HAL_ADC_PollForConversion
 715              	.LVL44:
 716 0056 0028     		cmp	r0, #0
 717 0058 F9D1     		bne	.L52
 314:Src/adc.c     ****   sensor[3] = HAL_ADC_GetValue(&hadc2);
 718              		.loc 1 314 0
 719 005a 0348     		ldr	r0, .L54
 720 005c FFF7FEFF 		bl	HAL_ADC_GetValue
 721              	.LVL45:
 722 0060 024B     		ldr	r3, .L54+4
 723 0062 D860     		str	r0, [r3, #12]
 315:Src/adc.c     **** }
 724              		.loc 1 315 0
 725 0064 04B0     		add	sp, sp, #16
 726              	.LCFI22:
 727              		.cfi_def_cfa_offset 8
 728              		@ sp needed
 729 0066 10BD     		pop	{r4, pc}
 730              	.L55:
 731              		.align	2
 732              	.L54:
 733 0068 00000000 		.word	hadc2
 734 006c 00000000 		.word	sensor
 735              		.cfi_endproc
 736              	.LFE132:
 738              		.section	.text.update_adc3_date,"ax",%progbits
 739              		.align	1
 740              		.global	update_adc3_date
 741              		.syntax unified
 742              		.thumb
 743              		.thumb_func
 744              		.fpu fpv4-sp-d16
 746              	update_adc3_date:
 747              	.LFB133:
 316:Src/adc.c     **** void update_adc3_date(void)
 317:Src/adc.c     **** {
 748              		.loc 1 317 0
 749              		.cfi_startproc
 750              		@ args = 0, pretend = 0, frame = 16
 751              		@ frame_needed = 0, uses_anonymous_args = 0
 752 0000 10B5     		push	{r4, lr}
 753              	.LCFI23:
 754              		.cfi_def_cfa_offset 8
ARM GAS  C:\Users\kotaro\AppData\Local\Temp\ccemqk8t.s 			page 20


 755              		.cfi_offset 4, -8
 756              		.cfi_offset 14, -4
 757 0002 84B0     		sub	sp, sp, #16
 758              	.LCFI24:
 759              		.cfi_def_cfa_offset 24
 318:Src/adc.c     ****   ADC_ChannelConfTypeDef sConfig;
 319:Src/adc.c     ****   sConfig.Rank = 1;
 760              		.loc 1 319 0
 761 0004 0123     		movs	r3, #1
 762 0006 0193     		str	r3, [sp, #4]
 320:Src/adc.c     ****   sConfig.SamplingTime = ADC_SAMPLETIME_56CYCLES;
 763              		.loc 1 320 0
 764 0008 0322     		movs	r2, #3
 765 000a 0292     		str	r2, [sp, #8]
 321:Src/adc.c     **** 
 322:Src/adc.c     ****   sConfig.Channel = ADC_CHANNEL_1;
 766              		.loc 1 322 0
 767 000c 04A9     		add	r1, sp, #16
 768 000e 41F8103D 		str	r3, [r1, #-16]!
 323:Src/adc.c     ****   HAL_ADC_ConfigChannel( &hadc3, &sConfig );  // setting store
 769              		.loc 1 323 0
 770 0012 154C     		ldr	r4, .L60
 771 0014 2046     		mov	r0, r4
 772 0016 FFF7FEFF 		bl	HAL_ADC_ConfigChannel
 773              	.LVL46:
 324:Src/adc.c     ****   HAL_ADC_Start( &hadc3 );     // ad convert start
 774              		.loc 1 324 0
 775 001a 2046     		mov	r0, r4
 776 001c FFF7FEFF 		bl	HAL_ADC_Start
 777              	.LVL47:
 778              	.L57:
 325:Src/adc.c     ****   while( HAL_ADC_PollForConversion( &hadc3,50 ) != HAL_OK );  // trans
 779              		.loc 1 325 0 discriminator 1
 780 0020 3221     		movs	r1, #50
 781 0022 1148     		ldr	r0, .L60
 782 0024 FFF7FEFF 		bl	HAL_ADC_PollForConversion
 783              	.LVL48:
 784 0028 0028     		cmp	r0, #0
 785 002a F9D1     		bne	.L57
 326:Src/adc.c     ****   sensor[1] = HAL_ADC_GetValue(&hadc3);
 786              		.loc 1 326 0
 787 002c 0E4C     		ldr	r4, .L60
 788 002e 2046     		mov	r0, r4
 789 0030 FFF7FEFF 		bl	HAL_ADC_GetValue
 790              	.LVL49:
 791 0034 0D4B     		ldr	r3, .L60+4
 792 0036 5860     		str	r0, [r3, #4]
 327:Src/adc.c     **** 
 328:Src/adc.c     ****   sConfig.Channel = ADC_CHANNEL_2;
 793              		.loc 1 328 0
 794 0038 04A9     		add	r1, sp, #16
 795 003a 0223     		movs	r3, #2
 796 003c 41F8103D 		str	r3, [r1, #-16]!
 329:Src/adc.c     ****   HAL_ADC_ConfigChannel( &hadc3, &sConfig );  // setting store
 797              		.loc 1 329 0
 798 0040 2046     		mov	r0, r4
 799 0042 FFF7FEFF 		bl	HAL_ADC_ConfigChannel
ARM GAS  C:\Users\kotaro\AppData\Local\Temp\ccemqk8t.s 			page 21


 800              	.LVL50:
 330:Src/adc.c     ****   HAL_ADC_Start( &hadc3 );     // ad convert start
 801              		.loc 1 330 0
 802 0046 2046     		mov	r0, r4
 803 0048 FFF7FEFF 		bl	HAL_ADC_Start
 804              	.LVL51:
 805              	.L58:
 331:Src/adc.c     ****   while( HAL_ADC_PollForConversion( &hadc3,50 ) != HAL_OK );  // trans
 806              		.loc 1 331 0 discriminator 1
 807 004c 3221     		movs	r1, #50
 808 004e 0648     		ldr	r0, .L60
 809 0050 FFF7FEFF 		bl	HAL_ADC_PollForConversion
 810              	.LVL52:
 811 0054 0028     		cmp	r0, #0
 812 0056 F9D1     		bne	.L58
 332:Src/adc.c     ****   sensor[2] = HAL_ADC_GetValue(&hadc3);
 813              		.loc 1 332 0
 814 0058 0348     		ldr	r0, .L60
 815 005a FFF7FEFF 		bl	HAL_ADC_GetValue
 816              	.LVL53:
 817 005e 034B     		ldr	r3, .L60+4
 818 0060 9860     		str	r0, [r3, #8]
 333:Src/adc.c     **** }
 819              		.loc 1 333 0
 820 0062 04B0     		add	sp, sp, #16
 821              	.LCFI25:
 822              		.cfi_def_cfa_offset 8
 823              		@ sp needed
 824 0064 10BD     		pop	{r4, pc}
 825              	.L61:
 826 0066 00BF     		.align	2
 827              	.L60:
 828 0068 00000000 		.word	hadc3
 829 006c 00000000 		.word	sensor
 830              		.cfi_endproc
 831              	.LFE133:
 833              		.comm	hadc3,72,4
 834              		.comm	hadc2,72,4
 835              		.comm	hadc1,72,4
 836              		.comm	sensor,16,4
 837              		.comm	batt_analog,4,4
 838              		.section	.rodata.MX_ADC1_Init.str1.4,"aMS",%progbits,1
 839              		.align	2
 840              	.LC0:
 841 0000 5372632F 		.ascii	"Src/adc.c\000"
 841      6164632E 
 841      6300
 842              		.text
 843              	.Letext0:
 844              		.file 2 "c:\\program files (x86)\\gnu tools arm embedded\\7 2017-q4-major\\arm-none-eabi\\include\
 845              		.file 3 "c:\\program files (x86)\\gnu tools arm embedded\\7 2017-q4-major\\arm-none-eabi\\include\
 846              		.file 4 "Drivers/CMSIS/Include/core_cm4.h"
 847              		.file 5 "Drivers/CMSIS/Device/ST/STM32F4xx/Include/system_stm32f4xx.h"
 848              		.file 6 "Drivers/CMSIS/Device/ST/STM32F4xx/Include/stm32f405xx.h"
 849              		.file 7 "c:\\program files (x86)\\gnu tools arm embedded\\7 2017-q4-major\\arm-none-eabi\\include\
 850              		.file 8 "c:\\program files (x86)\\gnu tools arm embedded\\7 2017-q4-major\\arm-none-eabi\\include\
 851              		.file 9 "c:\\program files (x86)\\gnu tools arm embedded\\7 2017-q4-major\\lib\\gcc\\arm-none-eabi
ARM GAS  C:\Users\kotaro\AppData\Local\Temp\ccemqk8t.s 			page 22


 852              		.file 10 "c:\\program files (x86)\\gnu tools arm embedded\\7 2017-q4-major\\arm-none-eabi\\include
 853              		.file 11 "Drivers/CMSIS/Device/ST/STM32F4xx/Include/stm32f4xx.h"
 854              		.file 12 "Drivers/STM32F4xx_HAL_Driver/Inc/stm32f4xx_hal_def.h"
 855              		.file 13 "Drivers/STM32F4xx_HAL_Driver/Inc/stm32f4xx_hal_gpio.h"
 856              		.file 14 "Drivers/STM32F4xx_HAL_Driver/Inc/stm32f4xx_hal_dma.h"
 857              		.file 15 "Drivers/STM32F4xx_HAL_Driver/Inc/stm32f4xx_hal_adc.h"
 858              		.file 16 "Inc/adc.h"
ARM GAS  C:\Users\kotaro\AppData\Local\Temp\ccemqk8t.s 			page 23


DEFINED SYMBOLS
                            *ABS*:00000000 adc.c
C:\Users\kotaro\AppData\Local\Temp\ccemqk8t.s:18     .text.MX_ADC1_Init:00000000 $t
C:\Users\kotaro\AppData\Local\Temp\ccemqk8t.s:25     .text.MX_ADC1_Init:00000000 MX_ADC1_Init
C:\Users\kotaro\AppData\Local\Temp\ccemqk8t.s:117    .text.MX_ADC1_Init:00000060 $d
                            *COM*:00000048 hadc1
C:\Users\kotaro\AppData\Local\Temp\ccemqk8t.s:125    .text.MX_ADC2_Init:00000000 $t
C:\Users\kotaro\AppData\Local\Temp\ccemqk8t.s:132    .text.MX_ADC2_Init:00000000 MX_ADC2_Init
C:\Users\kotaro\AppData\Local\Temp\ccemqk8t.s:222    .text.MX_ADC2_Init:00000060 $d
                            *COM*:00000048 hadc2
C:\Users\kotaro\AppData\Local\Temp\ccemqk8t.s:230    .text.MX_ADC3_Init:00000000 $t
C:\Users\kotaro\AppData\Local\Temp\ccemqk8t.s:237    .text.MX_ADC3_Init:00000000 MX_ADC3_Init
C:\Users\kotaro\AppData\Local\Temp\ccemqk8t.s:327    .text.MX_ADC3_Init:00000060 $d
                            *COM*:00000048 hadc3
C:\Users\kotaro\AppData\Local\Temp\ccemqk8t.s:335    .text.HAL_ADC_MspInit:00000000 $t
C:\Users\kotaro\AppData\Local\Temp\ccemqk8t.s:342    .text.HAL_ADC_MspInit:00000000 HAL_ADC_MspInit
C:\Users\kotaro\AppData\Local\Temp\ccemqk8t.s:474    .text.HAL_ADC_MspInit:000000a4 $d
C:\Users\kotaro\AppData\Local\Temp\ccemqk8t.s:483    .text.HAL_ADC_MspDeInit:00000000 $t
C:\Users\kotaro\AppData\Local\Temp\ccemqk8t.s:490    .text.HAL_ADC_MspDeInit:00000000 HAL_ADC_MspDeInit
C:\Users\kotaro\AppData\Local\Temp\ccemqk8t.s:565    .text.HAL_ADC_MspDeInit:00000058 $d
C:\Users\kotaro\AppData\Local\Temp\ccemqk8t.s:574    .text.update_adc1_date:00000000 $t
C:\Users\kotaro\AppData\Local\Temp\ccemqk8t.s:581    .text.update_adc1_date:00000000 update_adc1_date
C:\Users\kotaro\AppData\Local\Temp\ccemqk8t.s:637    .text.update_adc1_date:0000003c $d
                            *COM*:00000004 batt_analog
C:\Users\kotaro\AppData\Local\Temp\ccemqk8t.s:643    .text.update_adc2_date:00000000 $t
C:\Users\kotaro\AppData\Local\Temp\ccemqk8t.s:650    .text.update_adc2_date:00000000 update_adc2_date
C:\Users\kotaro\AppData\Local\Temp\ccemqk8t.s:733    .text.update_adc2_date:00000068 $d
                            *COM*:00000010 sensor
C:\Users\kotaro\AppData\Local\Temp\ccemqk8t.s:739    .text.update_adc3_date:00000000 $t
C:\Users\kotaro\AppData\Local\Temp\ccemqk8t.s:746    .text.update_adc3_date:00000000 update_adc3_date
C:\Users\kotaro\AppData\Local\Temp\ccemqk8t.s:828    .text.update_adc3_date:00000068 $d
C:\Users\kotaro\AppData\Local\Temp\ccemqk8t.s:839    .rodata.MX_ADC1_Init.str1.4:00000000 $d

UNDEFINED SYMBOLS
HAL_ADC_Init
HAL_ADC_ConfigChannel
_Error_Handler
HAL_GPIO_Init
HAL_GPIO_DeInit
HAL_ADC_Start
HAL_ADC_PollForConversion
HAL_ADC_GetValue
